\BOOKMARK [0][-]{Doc-Start}{\376\377\000D\000e\000c\000l\000a\000r\000a\000t\000i\000o\000n\000\040\000o\000f\000\040\000A\000u\000t\000h\000o\000r\000s\000h\000i\000p}{}% 1
\BOOKMARK [0][-]{Doc-Start}{\376\377\000A\000b\000s\000t\000r\000a\000c\000t}{}% 2
\BOOKMARK [0][-]{Doc-Start}{\376\377\000A\000c\000k\000n\000o\000w\000l\000e\000d\000g\000e\000m\000e\000n\000t\000s}{}% 3
\BOOKMARK [0][-]{chapter.10}{\376\377\000I\000n\000t\000r\000o\000d\000u\000c\000t\000i\000o\000n}{}% 4
\BOOKMARK [1][-]{section.11}{\376\377\000M\000o\000t\000i\000v\000a\000t\000i\000o\000n}{chapter.10}% 5
\BOOKMARK [0][-]{chapter.12}{\376\377\000T\000h\000e\000\040\000B\000i\000r\000k\000h\000o\000f\000f\000\040\000P\000o\000l\000y\000t\000o\000p\000e}{}% 6
\BOOKMARK [1][-]{section.13}{\376\377\000H\000y\000p\000e\000r\000m\000a\000t\000r\000i\000x}{chapter.12}% 7
\BOOKMARK [1][-]{section.15}{\376\377\000D\000o\000u\000b\000l\000y\000-\000S\000t\000o\000c\000h\000a\000s\000t\000i\000c\000\040\000M\000a\000t\000r\000i\000x}{chapter.12}% 8
\BOOKMARK [1][-]{section.16}{\376\377\000P\000e\000r\000m\000u\000t\000a\000t\000i\000o\000n\000\040\000M\000a\000t\000r\000i\000x}{chapter.12}% 9
\BOOKMARK [1][-]{section.17}{\376\377\000P\000o\000l\000y\000t\000o\000p\000e\000s}{chapter.12}% 10
\BOOKMARK [2][-]{subsection.18}{\376\377\000E\000l\000e\000m\000e\000n\000t\000s\000\040\000o\000f\000\040\000p\000o\000l\000y\000t\000o\000p\000e}{section.17}% 11
\BOOKMARK [2][-]{subsection.19}{\376\377\000P\000r\000o\000p\000e\000r\000t\000i\000e\000s\000\040\000o\000f\000\040\000P\000o\000l\000y\000t\000o\000p\000e}{section.17}% 12
\BOOKMARK [1][-]{section.23}{\376\377\000B\000i\000r\000k\000h\000o\000f\000f\000\040\000P\000o\000l\000y\000t\000o\000p\000e}{chapter.12}% 13
\BOOKMARK [1][-]{section.25}{\376\377\000P\000r\000o\000p\000e\000r\000t\000i\000e\000s\000\040\000o\000f\000\040\000B\000n}{chapter.12}% 14
\BOOKMARK [2][-]{subsection.26}{\376\377\000V\000e\000t\000i\000c\000e\000s}{section.25}% 15
\BOOKMARK [2][-]{subsection.27}{\376\377\000E\000d\000g\000e\000s}{section.25}% 16
\BOOKMARK [2][-]{subsection.28}{\376\377\000F\000a\000c\000e\000t\000s}{section.25}% 17
\BOOKMARK [2][-]{subsection.29}{\376\377\000S\000y\000m\000m\000e\000t\000r\000i\000e\000s}{section.25}% 18
\BOOKMARK [2][-]{subsection.30}{\376\377\000V\000o\000l\000u\000m\000e}{section.25}% 19
\BOOKMARK [0][-]{chapter.32}{\376\377\000Q\000u\000a\000d\000r\000a\000t\000i\000c\000\040\000P\000r\000o\000g\000r\000a\000m\000m\000i\000n\000g}{}% 20
\BOOKMARK [1][-]{section.33}{\376\377\000D\000e\000f\000i\000n\000i\000t\000i\000o\000n\000\040\000o\000f\000\040\000Q\000P}{chapter.32}% 21
\BOOKMARK [1][-]{section.35}{\376\377\000C\000l\000a\000s\000s\000i\000f\000i\000c\000a\000t\000i\000o\000n\000\040\000o\000f\000\040\000Q\000P\000'\000s}{chapter.32}% 22
\BOOKMARK [1][-]{section.44}{\376\377\000E\000q\000u\000a\000l\000i\000t\000y\000-\000C\000o\000n\000s\000t\000r\000a\000i\000n\000e\000d\000\040\000Q\000u\000a\000d\000r\000a\000t\000i\000c\000\040\000P\000r\000o\000g\000r\000a\000m\000s}{chapter.32}% 23
\BOOKMARK [1][-]{section.57}{\376\377\000D\000i\000r\000e\000c\000t\000\040\000S\000o\000l\000u\000t\000i\000o\000n\000\040\000o\000f\000\040\000t\000h\000e\000\040\000K\000K\000T\000\040\000S\000y\000s\000t\000e\000m}{chapter.32}% 24
\BOOKMARK [1][-]{section.70}{\376\377\000I\000t\000e\000r\000a\000t\000i\000v\000e\000\040\000s\000o\000l\000u\000t\000i\000o\000n\000\040\000o\000f\000\040\000t\000h\000e\000\040\000K\000K\000T\000\040\000S\000y\000s\000t\000e\000m}{chapter.32}% 25
\BOOKMARK [1][-]{section.71}{\376\377\000I\000n\000e\000q\000u\000a\000l\000i\000t\000y\000-\000C\000o\000n\000s\000t\000r\000a\000i\000n\000e\000d\000\040\000P\000r\000o\000b\000l\000e\000m\000s}{chapter.32}% 26
\BOOKMARK [2][-]{subsection.72}{\376\377\000P\000r\000o\000p\000e\000r\000t\000i\000e\000s\000\040\000o\000f\000\040\000I\000n\000e\000q\000u\000a\000l\000i\000t\000y\000-\000c\000o\000n\000s\000t\000r\000a\000i\000n\000e\000d\000\040\000P\000r\000o\000b\000l\000e\000m\000s}{section.71}% 27
\BOOKMARK [1][-]{section.81}{\376\377\000A\000c\000t\000i\000v\000e\000-\000s\000e\000t\000\040\000M\000e\000t\000h\000o\000d\000s\000\040\000f\000o\000r\000\040\000C\000o\000n\000v\000e\000x\000\040\000Q\000P\000s}{chapter.32}% 28
\BOOKMARK [1][-]{section.92}{\376\377\000I\000n\000t\000e\000r\000i\000o\000r\000-\000P\000o\000i\000n\000t\000\040\000M\000e\000t\000h\000o\000d}{chapter.32}% 29
\BOOKMARK [0][-]{chapter.99}{\376\377\000C\000h\000o\000l\000e\000s\000k\000y\000\040\000F\000a\000c\000t\000o\000r\000i\000z\000a\000t\000i\000o\000n}{}% 30
\BOOKMARK [1][-]{section.100}{\376\377\000D\000e\000f\000i\000n\000i\000t\000i\000o\000n\000\040\000a\000n\000d\000\040\000E\000x\000i\000s\000t\000a\000n\000c\000e}{chapter.99}% 31
\BOOKMARK [1][-]{section.103}{\376\377\000L\000D\000L\000\040\000D\000e\000c\000o\000m\000p\000o\000s\000i\000t\000i\000o\000n}{chapter.99}% 32
\BOOKMARK [1][-]{section.104}{\376\377\000A\000p\000p\000l\000i\000c\000a\000t\000i\000o\000n\000\040\000o\000f\000\040\000C\000h\000o\000l\000e\000s\000k\000e\000y\000\040\000F\000a\000c\000t\000o\000r\000i\000z\000a\000t\000i\000o\000n}{chapter.99}% 33
\BOOKMARK [1][-]{section.109}{\376\377\000T\000h\000e\000\040\000C\000h\000o\000l\000e\000s\000k\000y\000\040\000A\000l\000g\000o\000r\000i\000t\000h\000m}{chapter.99}% 34
\BOOKMARK [1][-]{section.117}{\376\377\000S\000p\000a\000r\000s\000e\000\040\000C\000h\000o\000l\000e\000s\000k\000y\000\040\000F\000a\000c\000t\000o\000r\000i\000z\000a\000t\000i\000o\000n\000\040\000A\000l\000g\000o\000r\000i\000t\000h\000m}{chapter.99}% 35
\BOOKMARK [0][-]{chapter.118}{\376\377\000C\000V\000X\000O\000P\000T}{}% 36
\BOOKMARK [1][-]{section.119}{\376\377\000A\000\040\000F\000i\000r\000s\000t\000\040\000V\000i\000e\000w\000\040\000i\000n\000t\000o\000\040\000C\000V\000X\000O\000P\000T\000\040\000L\000i\000b\000r\000a\000r\000y}{chapter.118}% 37
\BOOKMARK [1][-]{section.120}{\376\377\000C\000V\000X\000O\000P\000T\000\040\000M\000o\000d\000u\000l\000e\000\040\000S\000t\000r\000u\000c\000t\000u\000r\000e}{chapter.118}% 38
\BOOKMARK [1][-]{section.130}{\376\377\000C\000V\000X\000O\000P\000T\000\040\000C\000o\000n\000e\000\040\000P\000r\000o\000g\000r\000a\000m\000m\000i\000n\000g\000\040\000I\000n\000t\000e\000r\000f\000a\000c\000e}{chapter.118}% 39
\BOOKMARK [2][-]{subsection.131}{\376\377\000Q\000u\000a\000d\000r\000a\000t\000i\000c\000\040\000C\000o\000n\000e\000\040\000P\000r\000o\000g\000r\000a\000m\000s}{section.130}% 40
\BOOKMARK [2][-]{subsection.136}{\376\377\000C\000V\000X\000O\000P\000T\000\040\000q\000u\000a\000d\000r\000a\000t\000i\000c\000\040\000c\000o\000n\000e\000\040\000s\000o\000l\000v\000e\000r\000\040\000a\000l\000g\000o\000r\000i\000t\000h\000m}{section.130}% 41
\BOOKMARK [0][-]{appendix.155}{\376\377\000A\000p\000p\000e\000n\000d\000i\000x\000\040\000T\000i\000t\000l\000e\000\040\000H\000e\000r\000e}{}% 42
